app/build/outputs/logs/manifest-merger-debug-report.txt
-- Merging decision tree log ---
manifest
ADDED from src/main/AndroidManifest.xml:2:1-164:12
INJECTED from src/main/AndroidManifest.xml:2:1-164:12
INJECTED from src/main/AndroidManifest.xml:2:1-164:12
INJECTED from src/main/AndroidManifest.xml:2:1-164:12
MERGED from [com.ashokvarma.android:bottom-navigation-bar:2.0.5] AndroidManifest.xml:2:1-13:12
MERGED from [com.facebook.fresco:fresco:1.8.1] AndroidManifest.xml:2:1-9:12
MERGED from [com.apkfuns.logutils:library:1.6.0] AndroidManifest.xml:2:1-11:12
MERGED from [com.huxq17.xrefreshview:xrefreshview:3.6.7] AndroidManifest.xml:2:1-12:12
MERGED from [com.github.LuckSiege.PictureSelector:picture_library:v2.2.0] AndroidManifest.xml:2:1-48:12
MERGED from [:PrinterDevice] AndroidManifest.xml:2:1-116:12
MERGED from [com.github.LuckSiege.PictureSelector:ucrop:v2.2.0] AndroidManifest.xml:2:1-12:12
MERGED from [com.android.support:appcompat-v7:27.0.2] AndroidManifest.xml:17:1-22:12
MERGED from [com.facebook.fresco:drawee:1.8.1] AndroidManifest.xml:2:1-9:12
MERGED from [com.facebook.fresco:imagepipeline:1.8.1] AndroidManifest.xml:2:1-9:12
MERGED from [com.facebook.fresco:imagepipeline-base:1.8.1] AndroidManifest.xml:2:1-9:12
MERGED from [com.facebook.fresco:fbcore:1.8.1] AndroidManifest.xml:2:1-9:12
MERGED from [com.facebook.soloader:soloader:0.3.0] AndroidManifest.xml:2:1-13:12
MERGED from [com.android.support:recyclerview-v7:27.0.2] AndroidManifest.xml:17:1-22:12
MERGED from [com.github.bumptech.glide:glide:4.5.0] AndroidManifest.xml:2:1-13:12
MERGED from [io.reactivex.rxjava2:rxandroid:2.0.1] AndroidManifest.xml:15:1-21:12
MERGED from [com.android.support:support-fragment:27.0.2] AndroidManifest.xml:17:1-22:12
MERGED from [com.android.support:support-core-utils:27.0.2] AndroidManifest.xml:17:1-22:12
MERGED from [com.android.support:animated-vector-drawable:27.0.2] AndroidManifest.xml:17:1-22:12
MERGED from [com.android.support:support-vector-drawable:27.0.2] AndroidManifest.xml:17:1-22:12
MERGED from [com.android.support:support-core-ui:27.0.2] AndroidManifest.xml:17:1-22:12
MERGED from [com.android.support:support-compat:27.0.2] AndroidManifest.xml:17:1-22:12
MERGED from [com.github.bumptech.glide:gifdecoder:4.5.0] AndroidManifest.xml:2:1-11:12
MERGED from [android.arch.lifecycle:runtime:1.0.3] AndroidManifest.xml:17:1-24:12
INJECTED from src/main/AndroidManifest.xml:2:1-164:12
INJECTED from src/main/AndroidManifest.xml:2:1-164:12
INJECTED from src/main/AndroidManifest.xml:2:1-164:12
	package
		ADDED from src/main/AndroidManifest.xml:3:5-32
		INJECTED from src/main/AndroidManifest.xml
		INJECTED from src/main/AndroidManifest.xml
	android:versionName
		INJECTED from src/main/AndroidManifest.xml
		ADDED from src/main/AndroidManifest.xml:2:1-164:12
		INJECTED from src/main/AndroidManifest.xml
	android:versionCode
		INJECTED from src/main/AndroidManifest.xml
		ADDED from src/main/AndroidManifest.xml:2:1-164:12
		INJECTED from src/main/AndroidManifest.xml
	xmlns:android
		ADDED from src/main/AndroidManifest.xml:2:11-69
uses-permission#android.permission.INTERNET
ADDED from src/main/AndroidManifest.xml:5:5-67
MERGED from [:PrinterDevice] AndroidManifest.xml:19:5-67
MERGED from [:PrinterDevice] AndroidManifest.xml:19:5-67
	android:name
		ADDED from src/main/AndroidManifest.xml:5:22-64
uses-permission#android.permission.ACCESS_NETWORK_STATE
ADDED from src/main/AndroidManifest.xml:6:5-79
	android:name
		ADDED from src/main/AndroidManifest.xml:6:22-76
uses-permission#android.permission.CHANGE_NETWORK_STATE
ADDED from src/main/AndroidManifest.xml:7:5-79
	android:name
		ADDED from src/main/AndroidManifest.xml:7:22-76
uses-permission#android.permission.READ_EXTERNAL_STORAGE
ADDED from src/main/AndroidManifest.xml:8:5-80
MERGED from [:PrinterDevice] AndroidManifest.xml:12:5-80
MERGED from [:PrinterDevice] AndroidManifest.xml:12:5-80
	android:name
		ADDED from src/main/AndroidManifest.xml:8:22-77
uses-permission#android.permission.WRITE_EXTERNAL_STORAGE
ADDED from src/main/AndroidManifest.xml:9:5-81
MERGED from [:PrinterDevice] AndroidManifest.xml:16:5-81
MERGED from [:PrinterDevice] AndroidManifest.xml:16:5-81
	android:name
		ADDED from src/main/AndroidManifest.xml:9:22-78
uses-permission#android.permission.ACCESS_COARSE_LOCATION
ADDED from src/main/AndroidManifest.xml:10:5-81
	android:name
		ADDED from src/main/AndroidManifest.xml:10:22-78
uses-permission#android.permission.ACCESS_FINE_LOCATION
ADDED from src/main/AndroidManifest.xml:11:5-79
	android:name
		ADDED from src/main/AndroidManifest.xml:11:22-76
uses-permission#android.permission.ACCESS_WIFI_STATE
ADDED from src/main/AndroidManifest.xml:12:5-76
	android:name
		ADDED from src/main/AndroidManifest.xml:12:22-73
uses-permission#android.permission.CHANGE_WIFI_STATE
ADDED from src/main/AndroidManifest.xml:13:5-76
	android:name
		ADDED from src/main/AndroidManifest.xml:13:22-73
uses-permission#android.permission.READ_PHONE_STATE
ADDED from src/main/AndroidManifest.xml:14:5-75
	android:name
		ADDED from src/main/AndroidManifest.xml:14:22-72
uses-permission#android.permission.CAMERA
ADDED from src/main/AndroidManifest.xml:15:5-65
MERGED from [:PrinterDevice] AndroidManifest.xml:18:5-65
MERGED from [:PrinterDevice] AndroidManifest.xml:18:5-65
	android:name
		ADDED from src/main/AndroidManifest.xml:15:22-62
uses-permission#android.permission.BLUETOOTH
ADDED from src/main/AndroidManifest.xml:18:5-68
	android:name
		ADDED from src/main/AndroidManifest.xml:18:22-65
uses-permission#android.permission.BLUETOOTH_ADMIN
ADDED from src/main/AndroidManifest.xml:19:5-74
	android:name
		ADDED from src/main/AndroidManifest.xml:19:22-71
application
ADDED from src/main/AndroidManifest.xml:22:5-162:19
MERGED from [com.ashokvarma.android:bottom-navigation-bar:2.0.5] AndroidManifest.xml:11:5-47
MERGED from [com.ashokvarma.android:bottom-navigation-bar:2.0.5] AndroidManifest.xml:11:5-47
MERGED from [com.github.LuckSiege.PictureSelector:picture_library:v2.2.0] AndroidManifest.xml:11:5-46:19
MERGED from [com.github.LuckSiege.PictureSelector:picture_library:v2.2.0] AndroidManifest.xml:11:5-46:19
MERGED from [:PrinterDevice] AndroidManifest.xml:29:5-114:19
MERGED from [:PrinterDevice] AndroidManifest.xml:29:5-114:19
MERGED from [com.facebook.soloader:soloader:0.3.0] AndroidManifest.xml:11:5-20
MERGED from [com.facebook.soloader:soloader:0.3.0] AndroidManifest.xml:11:5-20
MERGED from [com.github.bumptech.glide:glide:4.5.0] AndroidManifest.xml:11:5-20
MERGED from [com.github.bumptech.glide:glide:4.5.0] AndroidManifest.xml:11:5-20
MERGED from [com.github.bumptech.glide:gifdecoder:4.5.0] AndroidManifest.xml:9:5-20
MERGED from [com.github.bumptech.glide:gifdecoder:4.5.0] AndroidManifest.xml:9:5-20
	android:supportsRtl
		ADDED from [com.ashokvarma.android:bottom-navigation-bar:2.0.5] AndroidManifest.xml:11:18-44
	android:label
		ADDED from src/main/AndroidManifest.xml:25:9-41
	android:roundIcon
		ADDED from src/main/AndroidManifest.xml:26:9-54
	android:icon
		ADDED from src/main/AndroidManifest.xml:24:9-43
	android:theme
		ADDED from src/main/AndroidManifest.xml:27:9-40
	android:name
		ADDED from src/main/AndroidManifest.xml:23:9-34
activity#com.etsoft.scales.ui.activity.WelcomeActivity
ADDED from src/main/AndroidManifest.xml:30:9-38:20
	android:screenOrientation
		ADDED from src/main/AndroidManifest.xml:32:13-49
	android:theme
		ADDED from src/main/AndroidManifest.xml:33:13-45
	android:name
		ADDED from src/main/AndroidManifest.xml:31:13-73
intent-filter#action:name:android.intent.action.MAIN+category:name:android.intent.category.LAUNCHER
ADDED from src/main/AndroidManifest.xml:34:13-37:29
action#android.intent.action.MAIN
ADDED from src/main/AndroidManifest.xml:35:17-69
	android:name
		ADDED from src/main/AndroidManifest.xml:35:25-66
category#android.intent.category.LAUNCHER
ADDED from src/main/AndroidManifest.xml:36:17-77
	android:name
		ADDED from src/main/AndroidManifest.xml:36:27-74
activity#com.etsoft.scales.ui.activity.MainActivity
ADDED from src/main/AndroidManifest.xml:41:9-79
	android:name
		ADDED from src/main/AndroidManifest.xml:41:19-76
activity#com.etsoft.scales.ui.activity.LoginActivity
ADDED from src/main/AndroidManifest.xml:44:9-48:75
	android:screenOrientation
		ADDED from src/main/AndroidManifest.xml:47:13-49
	android:launchMode
		ADDED from src/main/AndroidManifest.xml:46:13-44
	android:windowSoftInputMode
		ADDED from src/main/AndroidManifest.xml:48:13-72
	android:name
		ADDED from src/main/AndroidManifest.xml:45:13-71
activity#com.etsoft.scales.ui.activity.RegisterActivity
ADDED from src/main/AndroidManifest.xml:51:9-54:75
	android:screenOrientation
		ADDED from src/main/AndroidManifest.xml:53:13-49
	android:windowSoftInputMode
		ADDED from src/main/AndroidManifest.xml:54:13-72
	android:name
		ADDED from src/main/AndroidManifest.xml:52:13-74
activity#com.etsoft.scales.ui.activity.ForgetPassActivity
ADDED from src/main/AndroidManifest.xml:56:9-59:75
	android:screenOrientation
		ADDED from src/main/AndroidManifest.xml:58:13-49
	android:windowSoftInputMode
		ADDED from src/main/AndroidManifest.xml:59:13-72
	android:name
		ADDED from src/main/AndroidManifest.xml:57:13-76
activity#com.etsoft.scales.ui.activity.EditPassActivity
ADDED from src/main/AndroidManifest.xml:63:9-66:75
	android:screenOrientation
		ADDED from src/main/AndroidManifest.xml:65:13-49
	android:windowSoftInputMode
		ADDED from src/main/AndroidManifest.xml:66:13-72
	android:name
		ADDED from src/main/AndroidManifest.xml:64:13-74
activity#com.etsoft.scales.ui.activity.RecordNotificationActivity
ADDED from src/main/AndroidManifest.xml:70:9-72:52
	android:screenOrientation
		ADDED from src/main/AndroidManifest.xml:72:13-49
	android:name
		ADDED from src/main/AndroidManifest.xml:71:13-84
activity#com.etsoft.scales.ui.activity.NotificationInfoActivity
ADDED from src/main/AndroidManifest.xml:76:9-78:52
	android:screenOrientation
		ADDED from src/main/AndroidManifest.xml:78:13-49
	android:name
		ADDED from src/main/AndroidManifest.xml:77:13-82
activity#com.etsoft.scales.ui.activity.OutInfoActivity
ADDED from src/main/AndroidManifest.xml:81:9-83:52
	android:screenOrientation
		ADDED from src/main/AndroidManifest.xml:83:13-49
	android:name
		ADDED from src/main/AndroidManifest.xml:82:13-73
activity#com.etsoft.scales.ui.activity.DevListActivity
ADDED from src/main/AndroidManifest.xml:86:9-88:52
	android:screenOrientation
		ADDED from src/main/AndroidManifest.xml:88:13-49
	android:name
		ADDED from src/main/AndroidManifest.xml:87:13-73
activity#com.etsoft.scales.ui.activity.AddDevActivity
ADDED from src/main/AndroidManifest.xml:90:9-93:75
	android:screenOrientation
		ADDED from src/main/AndroidManifest.xml:92:13-49
	android:windowSoftInputMode
		ADDED from src/main/AndroidManifest.xml:93:13-72
	android:name
		ADDED from src/main/AndroidManifest.xml:91:13-72
activity#com.etsoft.scales.ui.activity.InputInfoActivity
ADDED from src/main/AndroidManifest.xml:96:9-98:52
	android:screenOrientation
		ADDED from src/main/AndroidManifest.xml:98:13-49
	android:name
		ADDED from src/main/AndroidManifest.xml:97:13-75
activity#com.etsoft.scales.ui.activity.InputRecordActivity
ADDED from src/main/AndroidManifest.xml:101:9-103:52
	android:screenOrientation
		ADDED from src/main/AndroidManifest.xml:103:13-49
	android:name
		ADDED from src/main/AndroidManifest.xml:102:13-77
activity#com.etsoft.scales.ui.activity.AddInputAvtivity
ADDED from src/main/AndroidManifest.xml:106:9-110:75
	android:screenOrientation
		ADDED from src/main/AndroidManifest.xml:108:13-49
	android:windowSoftInputMode
		ADDED from src/main/AndroidManifest.xml:110:13-72
	android:theme
		ADDED from src/main/AndroidManifest.xml:109:13-62
	android:name
		ADDED from src/main/AndroidManifest.xml:107:13-74
activity#com.etsoft.scales.ui.activity.AddOutAvtivity
ADDED from src/main/AndroidManifest.xml:112:9-116:75
	android:screenOrientation
		ADDED from src/main/AndroidManifest.xml:114:13-49
	android:windowSoftInputMode
		ADDED from src/main/AndroidManifest.xml:116:13-72
	android:theme
		ADDED from src/main/AndroidManifest.xml:115:13-62
	android:name
		ADDED from src/main/AndroidManifest.xml:113:13-72
activity#com.etsoft.scales.ui.activity.ServerStationActivity
ADDED from src/main/AndroidManifest.xml:119:9-121:52
	android:screenOrientation
		ADDED from src/main/AndroidManifest.xml:121:13-49
	android:name
		ADDED from src/main/AndroidManifest.xml:120:13-79
activity#com.etsoft.scales.ui.activity.ServerStationInfoActivity
ADDED from src/main/AndroidManifest.xml:124:9-126:52
	android:screenOrientation
		ADDED from src/main/AndroidManifest.xml:126:13-49
	android:name
		ADDED from src/main/AndroidManifest.xml:125:13-83
activity#com.etsoft.scales.ui.activity.RegisterUserActivity
ADDED from src/main/AndroidManifest.xml:129:9-132:75
	android:screenOrientation
		ADDED from src/main/AndroidManifest.xml:131:13-49
	android:windowSoftInputMode
		ADDED from src/main/AndroidManifest.xml:132:13-72
	android:name
		ADDED from src/main/AndroidManifest.xml:130:13-78
activity#com.etsoft.scales.ui.activity.UserQueryActivity
ADDED from src/main/AndroidManifest.xml:135:9-138:75
	android:screenOrientation
		ADDED from src/main/AndroidManifest.xml:137:13-49
	android:windowSoftInputMode
		ADDED from src/main/AndroidManifest.xml:138:13-72
	android:name
		ADDED from src/main/AndroidManifest.xml:136:13-75
activity#com.etsoft.scales.ui.activity.SelfActivity
ADDED from src/main/AndroidManifest.xml:141:9-144:75
	android:screenOrientation
		ADDED from src/main/AndroidManifest.xml:143:13-49
	android:windowSoftInputMode
		ADDED from src/main/AndroidManifest.xml:144:13-72
	android:name
		ADDED from src/main/AndroidManifest.xml:142:13-70
service#com.smartdevice.aidl.IZKCService
ADDED from src/main/AndroidManifest.xml:147:9-152:19
	android:name
		ADDED from src/main/AndroidManifest.xml:147:18-65
intent-filter#action:name:com.zkc.aidl.all+category:name:android.intent.category.DEFAULT
ADDED from src/main/AndroidManifest.xml:148:13-151:29
action#com.zkc.aidl.all
ADDED from src/main/AndroidManifest.xml:149:17-59
	android:name
		ADDED from src/main/AndroidManifest.xml:149:25-56
category#android.intent.category.DEFAULT
ADDED from src/main/AndroidManifest.xml:150:17-76
	android:name
		ADDED from src/main/AndroidManifest.xml:150:27-73
service#com.amap.api.location.APSService
ADDED from src/main/AndroidManifest.xml:155:9-68
	android:name
		ADDED from src/main/AndroidManifest.xml:155:18-65
meta-data#com.amap.api.v2.apikey
ADDED from src/main/AndroidManifest.xml:158:9-160:64
	android:value
		ADDED from src/main/AndroidManifest.xml:160:13-61
	android:name
		ADDED from src/main/AndroidManifest.xml:159:13-50
uses-sdk
INJECTED from src/main/AndroidManifest.xml reason: use-sdk injection requested
INJECTED from src/main/AndroidManifest.xml
INJECTED from src/main/AndroidManifest.xml
MERGED from [com.ashokvarma.android:bottom-navigation-bar:2.0.5] AndroidManifest.xml:7:5-9:41
MERGED from [com.ashokvarma.android:bottom-navigation-bar:2.0.5] AndroidManifest.xml:7:5-9:41
MERGED from [com.facebook.fresco:fresco:1.8.1] AndroidManifest.xml:5:5-7:41
MERGED from [com.facebook.fresco:fresco:1.8.1] AndroidManifest.xml:5:5-7:41
MERGED from [com.apkfuns.logutils:library:1.6.0] AndroidManifest.xml:7:5-9:41
MERGED from [com.apkfuns.logutils:library:1.6.0] AndroidManifest.xml:7:5-9:41
MERGED from [com.huxq17.xrefreshview:xrefreshview:3.6.7] AndroidManifest.xml:8:5-10:41
MERGED from [com.huxq17.xrefreshview:xrefreshview:3.6.7] AndroidManifest.xml:8:5-10:41
MERGED from [com.github.LuckSiege.PictureSelector:picture_library:v2.2.0] AndroidManifest.xml:7:5-9:41
MERGED from [com.github.LuckSiege.PictureSelector:picture_library:v2.2.0] AndroidManifest.xml:7:5-9:41
MERGED from [:PrinterDevice] AndroidManifest.xml:7:5-9:41
MERGED from [:PrinterDevice] AndroidManifest.xml:7:5-9:41
MERGED from [com.github.LuckSiege.PictureSelector:ucrop:v2.2.0] AndroidManifest.xml:8:5-10:41
MERGED from [com.github.LuckSiege.PictureSelector:ucrop:v2.2.0] AndroidManifest.xml:8:5-10:41
MERGED from [com.android.support:appcompat-v7:27.0.2] AndroidManifest.xml:20:5-44
MERGED from [com.android.support:appcompat-v7:27.0.2] AndroidManifest.xml:20:5-44
MERGED from [com.facebook.fresco:drawee:1.8.1] AndroidManifest.xml:5:5-7:41
MERGED from [com.facebook.fresco:drawee:1.8.1] AndroidManifest.xml:5:5-7:41
MERGED from [com.facebook.fresco:imagepipeline:1.8.1] AndroidManifest.xml:5:5-7:41
MERGED from [com.facebook.fresco:imagepipeline:1.8.1] AndroidManifest.xml:5:5-7:41
MERGED from [com.facebook.fresco:imagepipeline-base:1.8.1] AndroidManifest.xml:5:5-7:41
MERGED from [com.facebook.fresco:imagepipeline-base:1.8.1] AndroidManifest.xml:5:5-7:41
MERGED from [com.facebook.fresco:fbcore:1.8.1] AndroidManifest.xml:5:5-7:41
MERGED from [com.facebook.fresco:fbcore:1.8.1] AndroidManifest.xml:5:5-7:41
MERGED from [com.facebook.soloader:soloader:0.3.0] AndroidManifest.xml:7:5-9:41
MERGED from [com.facebook.soloader:soloader:0.3.0] AndroidManifest.xml:7:5-9:41
MERGED from [com.android.support:recyclerview-v7:27.0.2] AndroidManifest.xml:20:5-44
MERGED from [com.android.support:recyclerview-v7:27.0.2] AndroidManifest.xml:20:5-44
MERGED from [com.github.bumptech.glide:glide:4.5.0] AndroidManifest.xml:7:5-9:41
MERGED from [com.github.bumptech.glide:glide:4.5.0] AndroidManifest.xml:7:5-9:41
MERGED from [io.reactivex.rxjava2:rxandroid:2.0.1] AndroidManifest.xml:19:5-43
MERGED from [io.reactivex.rxjava2:rxandroid:2.0.1] AndroidManifest.xml:19:5-43
MERGED from [com.android.support:support-fragment:27.0.2] AndroidManifest.xml:20:5-44
MERGED from [com.android.support:support-fragment:27.0.2] AndroidManifest.xml:20:5-44
MERGED from [com.android.support:support-core-utils:27.0.2] AndroidManifest.xml:20:5-44
MERGED from [com.android.support:support-core-utils:27.0.2] AndroidManifest.xml:20:5-44
MERGED from [com.android.support:animated-vector-drawable:27.0.2] AndroidManifest.xml:20:5-44
MERGED from [com.android.support:animated-vector-drawable:27.0.2] AndroidManifest.xml:20:5-44
MERGED from [com.android.support:support-vector-drawable:27.0.2] AndroidManifest.xml:20:5-44
MERGED from [com.android.support:support-vector-drawable:27.0.2] AndroidManifest.xml:20:5-44
MERGED from [com.android.support:support-core-ui:27.0.2] AndroidManifest.xml:20:5-44
MERGED from [com.android.support:support-core-ui:27.0.2] AndroidManifest.xml:20:5-44
MERGED from [com.android.support:support-compat:27.0.2] AndroidManifest.xml:20:5-44
MERGED from [com.android.support:support-compat:27.0.2] AndroidManifest.xml:20:5-44
MERGED from [com.github.bumptech.glide:gifdecoder:4.5.0] AndroidManifest.xml:5:5-7:41
MERGED from [com.github.bumptech.glide:gifdecoder:4.5.0] AndroidManifest.xml:5:5-7:41
MERGED from [android.arch.lifecycle:runtime:1.0.3] AndroidManifest.xml:20:5-22:41
MERGED from [android.arch.lifecycle:runtime:1.0.3] AndroidManifest.xml:20:5-22:41
INJECTED from src/main/AndroidManifest.xml
INJECTED from src/main/AndroidManifest.xml
	android:targetSdkVersion
		INJECTED from src/main/AndroidManifest.xml
		ADDED from src/main/AndroidManifest.xml
		INJECTED from src/main/AndroidManifest.xml
	android:minSdkVersion
		INJECTED from src/main/AndroidManifest.xml
		ADDED from src/main/AndroidManifest.xml
		INJECTED from src/main/AndroidManifest.xml
provider#com.luck.picture.lib.PictureFileProvider
ADDED from [com.github.LuckSiege.PictureSelector:picture_library:v2.2.0] AndroidManifest.xml:12:9-20:20
	android:grantUriPermissions
		ADDED from [com.github.LuckSiege.PictureSelector:picture_library:v2.2.0] AndroidManifest.xml:16:13-47
	android:authorities
		ADDED from [com.github.LuckSiege.PictureSelector:picture_library:v2.2.0] AndroidManifest.xml:14:13-60
	android:exported
		ADDED from [com.github.LuckSiege.PictureSelector:picture_library:v2.2.0] AndroidManifest.xml:15:13-37
	android:name
		ADDED from [com.github.LuckSiege.PictureSelector:picture_library:v2.2.0] AndroidManifest.xml:13:13-68
meta-data#android.support.FILE_PROVIDER_PATHS
ADDED from [com.github.LuckSiege.PictureSelector:picture_library:v2.2.0] AndroidManifest.xml:17:13-19:54
	android:resource
		ADDED from [com.github.LuckSiege.PictureSelector:picture_library:v2.2.0] AndroidManifest.xml:19:17-51
	android:name
		ADDED from [com.github.LuckSiege.PictureSelector:picture_library:v2.2.0] AndroidManifest.xml:18:17-67
activity#com.luck.picture.lib.PictureSelectorActivity
ADDED from [com.github.LuckSiege.PictureSelector:picture_library:v2.2.0] AndroidManifest.xml:22:9-25:55
	android:windowSoftInputMode
		ADDED from [com.github.LuckSiege.PictureSelector:picture_library:v2.2.0] AndroidManifest.xml:25:13-52
	android:theme
		ADDED from [com.github.LuckSiege.PictureSelector:picture_library:v2.2.0] AndroidManifest.xml:24:13-50
	android:name
		ADDED from [com.github.LuckSiege.PictureSelector:picture_library:v2.2.0] AndroidManifest.xml:23:13-72
activity#com.luck.picture.lib.PicturePreviewActivity
ADDED from [com.github.LuckSiege.PictureSelector:picture_library:v2.2.0] AndroidManifest.xml:26:9-28:53
	android:theme
		ADDED from [com.github.LuckSiege.PictureSelector:picture_library:v2.2.0] AndroidManifest.xml:28:13-50
	android:name
		ADDED from [com.github.LuckSiege.PictureSelector:picture_library:v2.2.0] AndroidManifest.xml:27:13-71
activity#com.luck.picture.lib.PictureVideoPlayActivity
ADDED from [com.github.LuckSiege.PictureSelector:picture_library:v2.2.0] AndroidManifest.xml:29:9-33:53
	android:screenOrientation
		ADDED from [com.github.LuckSiege.PictureSelector:picture_library:v2.2.0] AndroidManifest.xml:32:13-47
	android:configChanges
		ADDED from [com.github.LuckSiege.PictureSelector:picture_library:v2.2.0] AndroidManifest.xml:31:13-74
	android:theme
		ADDED from [com.github.LuckSiege.PictureSelector:picture_library:v2.2.0] AndroidManifest.xml:33:13-50
	android:name
		ADDED from [com.github.LuckSiege.PictureSelector:picture_library:v2.2.0] AndroidManifest.xml:30:13-73
activity#com.luck.picture.lib.PictureExternalPreviewActivity
ADDED from [com.github.LuckSiege.PictureSelector:picture_library:v2.2.0] AndroidManifest.xml:34:9-36:53
	android:theme
		ADDED from [com.github.LuckSiege.PictureSelector:picture_library:v2.2.0] AndroidManifest.xml:36:13-50
	android:name
		ADDED from [com.github.LuckSiege.PictureSelector:picture_library:v2.2.0] AndroidManifest.xml:35:13-79
activity#com.yalantis.ucrop.UCropActivity
ADDED from [com.github.LuckSiege.PictureSelector:picture_library:v2.2.0] AndroidManifest.xml:37:9-39:72
	android:theme
		ADDED from [com.github.LuckSiege.PictureSelector:picture_library:v2.2.0] AndroidManifest.xml:39:13-69
	android:name
		ADDED from [com.github.LuckSiege.PictureSelector:picture_library:v2.2.0] AndroidManifest.xml:38:13-60
activity#com.yalantis.ucrop.PictureMultiCuttingActivity
ADDED from [com.github.LuckSiege.PictureSelector:picture_library:v2.2.0] AndroidManifest.xml:40:9-42:72
	android:theme
		ADDED from [com.github.LuckSiege.PictureSelector:picture_library:v2.2.0] AndroidManifest.xml:42:13-69
	android:name
		ADDED from [com.github.LuckSiege.PictureSelector:picture_library:v2.2.0] AndroidManifest.xml:41:13-74
activity#com.luck.picture.lib.PicturePlayAudioActivity
ADDED from [com.github.LuckSiege.PictureSelector:picture_library:v2.2.0] AndroidManifest.xml:43:9-45:72
	android:theme
		ADDED from [com.github.LuckSiege.PictureSelector:picture_library:v2.2.0] AndroidManifest.xml:45:13-69
	android:name
		ADDED from [com.github.LuckSiege.PictureSelector:picture_library:v2.2.0] AndroidManifest.xml:44:13-73
uses-permission#android.permission.MOUNT_UNMOUNT_FILESYSTEMS
ADDED from [:PrinterDevice] AndroidManifest.xml:13:5-15:47
	tools:ignore
		ADDED from [:PrinterDevice] AndroidManifest.xml:15:9-44
	android:name
		ADDED from [:PrinterDevice] AndroidManifest.xml:14:9-68
uses-feature#android.hardware.camera
ADDED from [:PrinterDevice] AndroidManifest.xml:21:5-60
	android:name
		ADDED from [:PrinterDevice] AndroidManifest.xml:21:19-57
uses-feature#android.hardware.camera.autofocus
ADDED from [:PrinterDevice] AndroidManifest.xml:22:5-70
	android:name
		ADDED from [:PrinterDevice] AndroidManifest.xml:22:19-67
uses-permission#android.permission.VIBRATE
ADDED from [:PrinterDevice] AndroidManifest.xml:24:5-66
	android:name
		ADDED from [:PrinterDevice] AndroidManifest.xml:24:22-63
uses-permission#android.permission.NFC
ADDED from [:PrinterDevice] AndroidManifest.xml:27:5-62
	android:name
		ADDED from [:PrinterDevice] AndroidManifest.xml:27:22-59
activity#com.smartdevice.aidltestdemo.MainActivity
ADDED from [:PrinterDevice] AndroidManifest.xml:30:9-41:20
	android:screenOrientation
		ADDED from [:PrinterDevice] AndroidManifest.xml:34:13-49
	android:label
		ADDED from [:PrinterDevice] AndroidManifest.xml:33:13-45
	android:windowSoftInputMode
		ADDED from [:PrinterDevice] AndroidManifest.xml:35:13-72
	android:configChanges
		ADDED from [:PrinterDevice] AndroidManifest.xml:32:13-74
	android:name
		ADDED from [:PrinterDevice] AndroidManifest.xml:31:13-69
activity#com.smartdevice.aidltestdemo.PSAMActivity
ADDED from [:PrinterDevice] AndroidManifest.xml:42:9-46:75
	android:screenOrientation
		ADDED from [:PrinterDevice] AndroidManifest.xml:45:13-49
	android:windowSoftInputMode
		ADDED from [:PrinterDevice] AndroidManifest.xml:46:13-72
	android:configChanges
		ADDED from [:PrinterDevice] AndroidManifest.xml:44:13-74
	android:name
		ADDED from [:PrinterDevice] AndroidManifest.xml:43:13-69
activity#com.smartdevice.aidltestdemo.PSAMActivity2
ADDED from [:PrinterDevice] AndroidManifest.xml:47:9-51:75
	android:screenOrientation
		ADDED from [:PrinterDevice] AndroidManifest.xml:50:13-49
	android:windowSoftInputMode
		ADDED from [:PrinterDevice] AndroidManifest.xml:51:13-72
	android:configChanges
		ADDED from [:PrinterDevice] AndroidManifest.xml:49:13-74
	android:name
		ADDED from [:PrinterDevice] AndroidManifest.xml:48:13-70
activity#com.smartdevice.aidltestdemo.PSAMActivityV2
ADDED from [:PrinterDevice] AndroidManifest.xml:52:9-56:75
	android:screenOrientation
		ADDED from [:PrinterDevice] AndroidManifest.xml:55:13-49
	android:windowSoftInputMode
		ADDED from [:PrinterDevice] AndroidManifest.xml:56:13-72
	android:configChanges
		ADDED from [:PrinterDevice] AndroidManifest.xml:54:13-74
	android:name
		ADDED from [:PrinterDevice] AndroidManifest.xml:53:13-71
activity#com.smartdevice.aidltestdemo.PrinterActivity
ADDED from [:PrinterDevice] AndroidManifest.xml:57:9-61:75
	android:screenOrientation
		ADDED from [:PrinterDevice] AndroidManifest.xml:60:13-49
	android:windowSoftInputMode
		ADDED from [:PrinterDevice] AndroidManifest.xml:61:13-72
	android:configChanges
		ADDED from [:PrinterDevice] AndroidManifest.xml:59:13-74
	android:name
		ADDED from [:PrinterDevice] AndroidManifest.xml:58:13-72
activity#com.smartdevice.aidltestdemo.ScannerActivity
ADDED from [:PrinterDevice] AndroidManifest.xml:62:9-66:75
	android:screenOrientation
		ADDED from [:PrinterDevice] AndroidManifest.xml:65:13-49
	android:windowSoftInputMode
		ADDED from [:PrinterDevice] AndroidManifest.xml:66:13-72
	android:configChanges
		ADDED from [:PrinterDevice] AndroidManifest.xml:64:13-74
	android:name
		ADDED from [:PrinterDevice] AndroidManifest.xml:63:13-72
activity#com.smartdevice.aidltestdemo.CustomerScreenActivity
ADDED from [:PrinterDevice] AndroidManifest.xml:67:9-71:75
	android:screenOrientation
		ADDED from [:PrinterDevice] AndroidManifest.xml:70:13-49
	android:windowSoftInputMode
		ADDED from [:PrinterDevice] AndroidManifest.xml:71:13-72
	android:configChanges
		ADDED from [:PrinterDevice] AndroidManifest.xml:69:13-74
	android:name
		ADDED from [:PrinterDevice] AndroidManifest.xml:68:13-79
activity#com.smartdevice.aidltestdemo.ManeticCardActivity
ADDED from [:PrinterDevice] AndroidManifest.xml:72:9-76:75
	android:screenOrientation
		ADDED from [:PrinterDevice] AndroidManifest.xml:75:13-49
	android:windowSoftInputMode
		ADDED from [:PrinterDevice] AndroidManifest.xml:76:13-72
	android:configChanges
		ADDED from [:PrinterDevice] AndroidManifest.xml:74:13-74
	android:name
		ADDED from [:PrinterDevice] AndroidManifest.xml:73:13-76
activity#com.smartdevice.aidltestdemo.CaptureActivity
ADDED from [:PrinterDevice] AndroidManifest.xml:77:9-81:63
	android:windowSoftInputMode
		ADDED from [:PrinterDevice] AndroidManifest.xml:81:13-60
	android:configChanges
		ADDED from [:PrinterDevice] AndroidManifest.xml:79:13-63
	android:theme
		ADDED from [:PrinterDevice] AndroidManifest.xml:80:13-71
	android:name
		ADDED from [:PrinterDevice] AndroidManifest.xml:78:13-72
activity#com.smartdevice.aidltestdemo.NfcActivity
ADDED from [:PrinterDevice] AndroidManifest.xml:82:9-92:20
	android:screenOrientation
		ADDED from [:PrinterDevice] AndroidManifest.xml:85:13-49
	android:windowSoftInputMode
		ADDED from [:PrinterDevice] AndroidManifest.xml:86:13-72
	android:configChanges
		ADDED from [:PrinterDevice] AndroidManifest.xml:84:13-74
	android:name
		ADDED from [:PrinterDevice] AndroidManifest.xml:83:13-68
intent-filter#action:name:android.nfc.action.TECH_DISCOVERED
ADDED from [:PrinterDevice] AndroidManifest.xml:89:13-91:29
action#android.nfc.action.TECH_DISCOVERED
ADDED from [:PrinterDevice] AndroidManifest.xml:90:17-77
	android:name
		ADDED from [:PrinterDevice] AndroidManifest.xml:90:25-74
activity#com.smartdevice.aidltestdemo.nfc.NFCActivity
ADDED from [:PrinterDevice] AndroidManifest.xml:93:9-97:75
	android:screenOrientation
		ADDED from [:PrinterDevice] AndroidManifest.xml:96:13-49
	android:windowSoftInputMode
		ADDED from [:PrinterDevice] AndroidManifest.xml:97:13-72
	android:configChanges
		ADDED from [:PrinterDevice] AndroidManifest.xml:95:13-74
	android:name
		ADDED from [:PrinterDevice] AndroidManifest.xml:94:13-72
activity#com.smartdevice.aidltestdemo.nfc.NFCAcmdActivity
ADDED from [:PrinterDevice] AndroidManifest.xml:98:9-102:75
	android:screenOrientation
		ADDED from [:PrinterDevice] AndroidManifest.xml:101:13-49
	android:windowSoftInputMode
		ADDED from [:PrinterDevice] AndroidManifest.xml:102:13-72
	android:configChanges
		ADDED from [:PrinterDevice] AndroidManifest.xml:100:13-74
	android:name